2024-07-26 16:55:17 0 [Note] Starting MariaDB 11.4.2-MariaDB source revision 3fca5ed772fb75e3e57c507edef2985f8eba5b12 as process 7452
2024-07-26 16:55:17 0 [Note] InnoDB: The first data file './ibdata1' did not exist. A new tablespace will be created!
2024-07-26 16:55:17 0 [Note] InnoDB: Compressed tables use zlib 1.3.1
2024-07-26 16:55:17 0 [Note] InnoDB: Number of transaction pools: 1
2024-07-26 16:55:17 0 [Note] InnoDB: Using crc32 + pclmulqdq instructions
2024-07-26 16:55:17 0 [Note] InnoDB: Initializing buffer pool, total size = 20.000MiB, chunk size = 1.000MiB
2024-07-26 16:55:17 0 [Note] InnoDB: Completed initialization of buffer pool
2024-07-26 16:55:17 0 [Note] InnoDB: Setting file './ibdata1' size to 12.000MiB. Physically writing the file full; Please wait ...
2024-07-26 16:55:17 0 [Note] InnoDB: File './ibdata1' size is now 12.000MiB.
2024-07-26 16:55:17 0 [Note] InnoDB: File system buffers for log disabled (block size=4096 bytes)
2024-07-26 16:55:17 0 [Note] InnoDB: Data file .//undo001 did not exist: new to be created
2024-07-26 16:55:17 0 [Note] InnoDB: Setting file .//undo001 size to 10.000MiB
2024-07-26 16:55:17 0 [Note] InnoDB: Database physically writes the file full: wait...
2024-07-26 16:55:18 0 [Note] InnoDB: Data file .//undo002 did not exist: new to be created
2024-07-26 16:55:18 0 [Note] InnoDB: Setting file .//undo002 size to 10.000MiB
2024-07-26 16:55:18 0 [Note] InnoDB: Database physically writes the file full: wait...
2024-07-26 16:55:18 0 [Note] InnoDB: Data file .//undo003 did not exist: new to be created
2024-07-26 16:55:18 0 [Note] InnoDB: Setting file .//undo003 size to 10.000MiB
2024-07-26 16:55:18 0 [Note] InnoDB: Database physically writes the file full: wait...
2024-07-26 16:55:18 0 [Note] InnoDB: Doublewrite buffer not found: creating new
2024-07-26 16:55:18 0 [Note] InnoDB: Opened 3 undo tablespaces
2024-07-26 16:55:18 0 [Note] InnoDB: 128 rollback segments in 3 undo tablespaces are active.
2024-07-26 16:55:18 0 [Note] InnoDB: Setting file './ibtmp1' size to 12.000MiB. Physically writing the file full; Please wait ...
2024-07-26 16:55:18 0 [Note] InnoDB: File './ibtmp1' size is now 12.000MiB.
2024-07-26 16:55:18 0 [Note] InnoDB: log sequence number 0; transaction id 3
2024-07-26 16:55:18 0 [Note] Plugin 'FEEDBACK' is disabled.
2024-07-26 16:55:18 0 [Note] mysqld.exe: SSPI: using principal name 'localhost', mech 'Negotiate'
2024-07-26 17:02:28 0 [Note] Starting MariaDB 11.4.2-MariaDB source revision 3fca5ed772fb75e3e57c507edef2985f8eba5b12 as process 5928
2024-07-26 17:02:28 0 [Note] InnoDB: Compressed tables use zlib 1.3.1
2024-07-26 17:02:28 0 [Note] InnoDB: Number of transaction pools: 1
2024-07-26 17:02:28 0 [Note] InnoDB: Using crc32 + pclmulqdq instructions
2024-07-26 17:02:28 0 [Note] InnoDB: Initializing buffer pool, total size = 128.000MiB, chunk size = 2.000MiB
2024-07-26 17:02:28 0 [Note] InnoDB: Completed initialization of buffer pool
2024-07-26 17:02:28 0 [Note] InnoDB: File system buffers for log disabled (block size=4096 bytes)
2024-07-26 17:02:28 0 [Note] InnoDB: End of log at LSN=47763
2024-07-26 17:02:28 0 [Note] InnoDB: Opened 3 undo tablespaces
2024-07-26 17:02:28 0 [Note] InnoDB: 128 rollback segments in 3 undo tablespaces are active.
2024-07-26 17:02:28 0 [Note] InnoDB: Setting file './ibtmp1' size to 12.000MiB. Physically writing the file full; Please wait ...
2024-07-26 17:02:28 0 [Note] InnoDB: File './ibtmp1' size is now 12.000MiB.
2024-07-26 17:02:28 0 [Note] InnoDB: log sequence number 47763; transaction id 14
2024-07-26 17:02:28 0 [Note] Plugin 'FEEDBACK' is disabled.
2024-07-26 17:02:28 0 [Note] InnoDB: Loading buffer pool(s) from D:\Development\Environment\Wamp.NET\data\13-mariadb-11.4.2-x64\ib_buffer_pool
2024-07-26 17:02:28 0 [Note] InnoDB: Buffer pool(s) load completed at 240726 17:02:28
2024-07-26 17:02:28 0 [Note] mysqld.exe: SSPI: using principal name 'localhost', mech 'Negotiate'
2024-07-26 17:02:28 0 [Note] Server socket created on IP: '127.0.0.1'.
2024-07-26 17:02:28 0 [Note] mysqld.exe: Event Scheduler: Loaded 0 events
2024-07-26 17:02:28 0 [Note] D:\Development\Environment\Wamp.NET\bin\13-mariadb-11.4.2-x64\bin\mysqld.exe: ready for connections.
Version: '11.4.2-MariaDB'  socket: ''  port: 3313  mariadb.org binary distribution
2024-07-26 17:04:23 0 [Note] Windows service "MySQL":  received SERVICE_CONTROL_STOP
2024-07-26 17:04:23 0 [Note] D:\Development\Environment\Wamp.NET\bin\13-mariadb-11.4.2-x64\bin\mysqld.exe (initiated by: unknown): Normal shutdown
2024-07-26 17:04:23 0 [Note] InnoDB: FTS optimize thread exiting.
2024-07-26 17:04:23 0 [Note] InnoDB: Starting shutdown...
2024-07-26 17:04:23 0 [Note] InnoDB: Dumping buffer pool(s) to D:\Development\Environment\Wamp.NET\data\13-mariadb-11.4.2-x64\ib_buffer_pool
2024-07-26 17:04:23 0 [Note] InnoDB: Buffer pool(s) dump completed at 240726 17:04:23
2024-07-26 17:04:24 0 [Note] InnoDB: Removed temporary tablespace data file: "./ibtmp1"
2024-07-26 17:04:24 0 [Note] InnoDB: Shutdown completed; log sequence number 47763; transaction id 15
2024-07-26 17:04:24 0 [Note] D:\Development\Environment\Wamp.NET\bin\13-mariadb-11.4.2-x64\bin\mysqld.exe: Shutdown complete

